2025-12-02 20:47:55 [error] : Unhandled error: C:\Users\ASUS\Desktop\Nutrixo Project\views\admin\orderDetail.ejs:192
    190|           if (!result.isConfirmed) {
    191|             // revert dropdown to previous value if canceled
 >> 192|             e.target.value = "<%= item.status %>";
    193|             return;
    194|           }
    195|         }

item is not defined | Stack: ReferenceError: C:\Users\ASUS\Desktop\Nutrixo Project\views\admin\orderDetail.ejs:192
    190|           if (!result.isConfirmed) {
    191|             // revert dropdown to previous value if canceled
 >> 192|             e.target.value = "<%= item.status %>";
    193|             return;
    194|           }
    195|         }

item is not defined
    at eval (eval at compile (C:\Users\ASUS\Desktop\Nutrixo Project\node_modules\ejs\lib\ejs.js:673:12), <anonymous>:166:26)
    at orderDetail (C:\Users\ASUS\Desktop\Nutrixo Project\node_modules\ejs\lib\ejs.js:703:17)
    at tryHandleCache (C:\Users\ASUS\Desktop\Nutrixo Project\node_modules\ejs\lib\ejs.js:274:36)
    at exports.renderFile [as engine] (C:\Users\ASUS\Desktop\Nutrixo Project\node_modules\ejs\lib\ejs.js:491:10)
    at View.render (C:\Users\ASUS\Desktop\Nutrixo Project\node_modules\express\lib\view.js:139:8)
    at tryRender (C:\Users\ASUS\Desktop\Nutrixo Project\node_modules\express\lib\application.js:627:10)
    at Function.render (C:\Users\ASUS\Desktop\Nutrixo Project\node_modules\express\lib\application.js:574:3)
    at ServerResponse.render (C:\Users\ASUS\Desktop\Nutrixo Project\node_modules\express\lib\response.js:909:7)
    at res.render (C:\Users\ASUS\Desktop\Nutrixo Project\node_modules\express-ejs-layouts\lib\express-layouts.js:77:18)
    at C:\Users\ASUS\Desktop\Nutrixo Project\controllers\admin\orderAdminController.js:48:9
    at process.processTicksAndRejections (node:internal/process/task_queues:105:5)
2025-12-02 20:50:09 [error] : Unhandled error: C:\Users\ASUS\Desktop\Nutrixo Project\views\admin\orderDetail.ejs:192
    190|           if (!result.isConfirmed) {
    191|             // revert dropdown to previous value if canceled
 >> 192|             e.target.value = "<%= item.status %>";
    193|             return;
    194|           }
    195|         }

item is not defined | Stack: ReferenceError: C:\Users\ASUS\Desktop\Nutrixo Project\views\admin\orderDetail.ejs:192
    190|           if (!result.isConfirmed) {
    191|             // revert dropdown to previous value if canceled
 >> 192|             e.target.value = "<%= item.status %>";
    193|             return;
    194|           }
    195|         }

item is not defined
    at eval (eval at compile (C:\Users\ASUS\Desktop\Nutrixo Project\node_modules\ejs\lib\ejs.js:673:12), <anonymous>:168:26)
    at orderDetail (C:\Users\ASUS\Desktop\Nutrixo Project\node_modules\ejs\lib\ejs.js:703:17)
    at tryHandleCache (C:\Users\ASUS\Desktop\Nutrixo Project\node_modules\ejs\lib\ejs.js:274:36)
    at exports.renderFile [as engine] (C:\Users\ASUS\Desktop\Nutrixo Project\node_modules\ejs\lib\ejs.js:491:10)
    at View.render (C:\Users\ASUS\Desktop\Nutrixo Project\node_modules\express\lib\view.js:139:8)
    at tryRender (C:\Users\ASUS\Desktop\Nutrixo Project\node_modules\express\lib\application.js:627:10)
    at Function.render (C:\Users\ASUS\Desktop\Nutrixo Project\node_modules\express\lib\application.js:574:3)
    at ServerResponse.render (C:\Users\ASUS\Desktop\Nutrixo Project\node_modules\express\lib\response.js:909:7)
    at res.render (C:\Users\ASUS\Desktop\Nutrixo Project\node_modules\express-ejs-layouts\lib\express-layouts.js:77:18)
    at C:\Users\ASUS\Desktop\Nutrixo Project\controllers\admin\orderAdminController.js:48:9
    at process.processTicksAndRejections (node:internal/process/task_queues:105:5)
2025-12-05 17:05:22 [error] : Unhandled error: Unexpected token 'catch' in C:\Users\ASUS\Desktop\Nutrixo Project\views\user\checkout.ejs while compiling ejs

If the above error is not helpful, you may want to try EJS-Lint:
https://github.com/RyanZim/EJS-Lint
Or, if you meant to create an async function, pass `async: true` as an option. | Stack: SyntaxError: Unexpected token 'catch' in C:\Users\ASUS\Desktop\Nutrixo Project\views\user\checkout.ejs while compiling ejs

If the above error is not helpful, you may want to try EJS-Lint:
https://github.com/RyanZim/EJS-Lint
Or, if you meant to create an async function, pass `async: true` as an option.
    at new Function (<anonymous>)
    at Template.compile (C:\Users\ASUS\Desktop\Nutrixo Project\node_modules\ejs\lib\ejs.js:673:12)
    at Object.compile (C:\Users\ASUS\Desktop\Nutrixo Project\node_modules\ejs\lib\ejs.js:398:16)
    at handleCache (C:\Users\ASUS\Desktop\Nutrixo Project\node_modules\ejs\lib\ejs.js:235:18)
    at tryHandleCache (C:\Users\ASUS\Desktop\Nutrixo Project\node_modules\ejs\lib\ejs.js:274:16)
    at exports.renderFile [as engine] (C:\Users\ASUS\Desktop\Nutrixo Project\node_modules\ejs\lib\ejs.js:491:10)
    at View.render (C:\Users\ASUS\Desktop\Nutrixo Project\node_modules\express\lib\view.js:139:8)
    at tryRender (C:\Users\ASUS\Desktop\Nutrixo Project\node_modules\express\lib\application.js:627:10)
    at Function.render (C:\Users\ASUS\Desktop\Nutrixo Project\node_modules\express\lib\application.js:574:3)
    at ServerResponse.render (C:\Users\ASUS\Desktop\Nutrixo Project\node_modules\express\lib\response.js:909:7)
    at res.render (C:\Users\ASUS\Desktop\Nutrixo Project\node_modules\express-ejs-layouts\lib\express-layouts.js:77:18)
    at C:\Users\ASUS\Desktop\Nutrixo Project\controllers\user\checkoutUserController.js:99:9
    at process.processTicksAndRejections (node:internal/process/task_queues:105:5)
2025-12-05 17:06:01 [error] : Unhandled error: Unexpected token 'catch' in C:\Users\ASUS\Desktop\Nutrixo Project\views\user\checkout.ejs while compiling ejs

If the above error is not helpful, you may want to try EJS-Lint:
https://github.com/RyanZim/EJS-Lint
Or, if you meant to create an async function, pass `async: true` as an option. | Stack: SyntaxError: Unexpected token 'catch' in C:\Users\ASUS\Desktop\Nutrixo Project\views\user\checkout.ejs while compiling ejs

If the above error is not helpful, you may want to try EJS-Lint:
https://github.com/RyanZim/EJS-Lint
Or, if you meant to create an async function, pass `async: true` as an option.
    at new Function (<anonymous>)
    at Template.compile (C:\Users\ASUS\Desktop\Nutrixo Project\node_modules\ejs\lib\ejs.js:673:12)
    at Object.compile (C:\Users\ASUS\Desktop\Nutrixo Project\node_modules\ejs\lib\ejs.js:398:16)
    at handleCache (C:\Users\ASUS\Desktop\Nutrixo Project\node_modules\ejs\lib\ejs.js:235:18)
    at tryHandleCache (C:\Users\ASUS\Desktop\Nutrixo Project\node_modules\ejs\lib\ejs.js:274:16)
    at exports.renderFile [as engine] (C:\Users\ASUS\Desktop\Nutrixo Project\node_modules\ejs\lib\ejs.js:491:10)
    at View.render (C:\Users\ASUS\Desktop\Nutrixo Project\node_modules\express\lib\view.js:139:8)
    at tryRender (C:\Users\ASUS\Desktop\Nutrixo Project\node_modules\express\lib\application.js:627:10)
    at Function.render (C:\Users\ASUS\Desktop\Nutrixo Project\node_modules\express\lib\application.js:574:3)
    at ServerResponse.render (C:\Users\ASUS\Desktop\Nutrixo Project\node_modules\express\lib\response.js:909:7)
    at res.render (C:\Users\ASUS\Desktop\Nutrixo Project\node_modules\express-ejs-layouts\lib\express-layouts.js:77:18)
    at C:\Users\ASUS\Desktop\Nutrixo Project\controllers\user\checkoutUserController.js:99:9
    at process.processTicksAndRejections (node:internal/process/task_queues:105:5)
2025-12-05 17:08:19 [error] : Unhandled error: Unexpected token 'catch' in C:\Users\ASUS\Desktop\Nutrixo Project\views\user\checkout.ejs while compiling ejs

If the above error is not helpful, you may want to try EJS-Lint:
https://github.com/RyanZim/EJS-Lint
Or, if you meant to create an async function, pass `async: true` as an option. | Stack: SyntaxError: Unexpected token 'catch' in C:\Users\ASUS\Desktop\Nutrixo Project\views\user\checkout.ejs while compiling ejs

If the above error is not helpful, you may want to try EJS-Lint:
https://github.com/RyanZim/EJS-Lint
Or, if you meant to create an async function, pass `async: true` as an option.
    at new Function (<anonymous>)
    at Template.compile (C:\Users\ASUS\Desktop\Nutrixo Project\node_modules\ejs\lib\ejs.js:673:12)
    at Object.compile (C:\Users\ASUS\Desktop\Nutrixo Project\node_modules\ejs\lib\ejs.js:398:16)
    at handleCache (C:\Users\ASUS\Desktop\Nutrixo Project\node_modules\ejs\lib\ejs.js:235:18)
    at tryHandleCache (C:\Users\ASUS\Desktop\Nutrixo Project\node_modules\ejs\lib\ejs.js:274:16)
    at exports.renderFile [as engine] (C:\Users\ASUS\Desktop\Nutrixo Project\node_modules\ejs\lib\ejs.js:491:10)
    at View.render (C:\Users\ASUS\Desktop\Nutrixo Project\node_modules\express\lib\view.js:139:8)
    at tryRender (C:\Users\ASUS\Desktop\Nutrixo Project\node_modules\express\lib\application.js:627:10)
    at Function.render (C:\Users\ASUS\Desktop\Nutrixo Project\node_modules\express\lib\application.js:574:3)
    at ServerResponse.render (C:\Users\ASUS\Desktop\Nutrixo Project\node_modules\express\lib\response.js:909:7)
    at res.render (C:\Users\ASUS\Desktop\Nutrixo Project\node_modules\express-ejs-layouts\lib\express-layouts.js:77:18)
    at C:\Users\ASUS\Desktop\Nutrixo Project\controllers\user\checkoutUserController.js:99:9
    at process.processTicksAndRejections (node:internal/process/task_queues:105:5)
2025-12-05 17:12:30 [error] : Unhandled error: Unexpected token 'catch' in C:\Users\ASUS\Desktop\Nutrixo Project\views\user\checkout.ejs while compiling ejs

If the above error is not helpful, you may want to try EJS-Lint:
https://github.com/RyanZim/EJS-Lint
Or, if you meant to create an async function, pass `async: true` as an option. | Stack: SyntaxError: Unexpected token 'catch' in C:\Users\ASUS\Desktop\Nutrixo Project\views\user\checkout.ejs while compiling ejs

If the above error is not helpful, you may want to try EJS-Lint:
https://github.com/RyanZim/EJS-Lint
Or, if you meant to create an async function, pass `async: true` as an option.
    at new Function (<anonymous>)
    at Template.compile (C:\Users\ASUS\Desktop\Nutrixo Project\node_modules\ejs\lib\ejs.js:673:12)
    at Object.compile (C:\Users\ASUS\Desktop\Nutrixo Project\node_modules\ejs\lib\ejs.js:398:16)
    at handleCache (C:\Users\ASUS\Desktop\Nutrixo Project\node_modules\ejs\lib\ejs.js:235:18)
    at tryHandleCache (C:\Users\ASUS\Desktop\Nutrixo Project\node_modules\ejs\lib\ejs.js:274:16)
    at exports.renderFile [as engine] (C:\Users\ASUS\Desktop\Nutrixo Project\node_modules\ejs\lib\ejs.js:491:10)
    at View.render (C:\Users\ASUS\Desktop\Nutrixo Project\node_modules\express\lib\view.js:139:8)
    at tryRender (C:\Users\ASUS\Desktop\Nutrixo Project\node_modules\express\lib\application.js:627:10)
    at Function.render (C:\Users\ASUS\Desktop\Nutrixo Project\node_modules\express\lib\application.js:574:3)
    at ServerResponse.render (C:\Users\ASUS\Desktop\Nutrixo Project\node_modules\express\lib\response.js:909:7)
    at res.render (C:\Users\ASUS\Desktop\Nutrixo Project\node_modules\express-ejs-layouts\lib\express-layouts.js:77:18)
    at C:\Users\ASUS\Desktop\Nutrixo Project\controllers\user\checkoutUserController.js:99:9
    at process.processTicksAndRejections (node:internal/process/task_queues:105:5)
2025-12-06 00:11:29 [error] : Unhandled error: C:\Users\ASUS\Desktop\Nutrixo Project\views\user\wallet.ejs:84
    82|         <!-- Pagination -->
    83|         <div class="mt-10">
 >> 84|           <%- include('../partials/pagination', { currentPage, totalPages, query }) %>
    85|         </div>
    86| 
    87|       <% } else { %>

C:\Users\ASUS\Desktop\Nutrixo Project\views\partials\pagination.ejs:13
    11| 
    12|   <% function pageLink(p) { %>
 >> 13|     <a href="?page=<%= p %><%= qs ? '&' + qs : '' %>"
    14|        class="px-3 py-1 border rounded-md
    15|               <%= p === currentPage ? 'bg-blue-600 text-white' : 'bg-white text-gray-700 hover:bg-gray-100' %>">
    16|       <%= p %>

qs is not defined | Stack: ReferenceError: C:\Users\ASUS\Desktop\Nutrixo Project\views\user\wallet.ejs:84
    82|         <!-- Pagination -->
    83|         <div class="mt-10">
 >> 84|           <%- include('../partials/pagination', { currentPage, totalPages, query }) %>
    85|         </div>
    86| 
    87|       <% } else { %>

C:\Users\ASUS\Desktop\Nutrixo Project\views\partials\pagination.ejs:13
    11| 
    12|   <% function pageLink(p) { %>
 >> 13|     <a href="?page=<%= p %><%= qs ? '&' + qs : '' %>"
    14|        class="px-3 py-1 border rounded-md
    15|               <%= p === currentPage ? 'bg-blue-600 text-white' : 'bg-white text-gray-700 hover:bg-gray-100' %>">
    16|       <%= p %>

qs is not defined
    at pageLink (eval at compile (C:\Users\ASUS\Desktop\Nutrixo Project\node_modules\ejs\lib\ejs.js:673:12), <anonymous>:25:26)
    at eval (eval at compile (C:\Users\ASUS\Desktop\Nutrixo Project\node_modules\ejs\lib\ejs.js:673:12), <anonymous>:50:26)
    at pagination (C:\Users\ASUS\Desktop\Nutrixo Project\node_modules\ejs\lib\ejs.js:703:17)
    at include (C:\Users\ASUS\Desktop\Nutrixo Project\node_modules\ejs\lib\ejs.js:701:39)
    at eval (eval at compile (C:\Users\ASUS\Desktop\Nutrixo Project\node_modules\ejs\lib\ejs.js:673:12), <anonymous>:48:17)
    at wallet (C:\Users\ASUS\Desktop\Nutrixo Project\node_modules\ejs\lib\ejs.js:703:17)
    at tryHandleCache (C:\Users\ASUS\Desktop\Nutrixo Project\node_modules\ejs\lib\ejs.js:274:36)
    at exports.renderFile [as engine] (C:\Users\ASUS\Desktop\Nutrixo Project\node_modules\ejs\lib\ejs.js:491:10)
    at View.render (C:\Users\ASUS\Desktop\Nutrixo Project\node_modules\express\lib\view.js:139:8)
    at tryRender (C:\Users\ASUS\Desktop\Nutrixo Project\node_modules\express\lib\application.js:627:10)
    at Function.render (C:\Users\ASUS\Desktop\Nutrixo Project\node_modules\express\lib\application.js:574:3)
    at ServerResponse.render (C:\Users\ASUS\Desktop\Nutrixo Project\node_modules\express\lib\response.js:909:7)
    at res.render (C:\Users\ASUS\Desktop\Nutrixo Project\node_modules\express-ejs-layouts\lib\express-layouts.js:77:18)
    at C:\Users\ASUS\Desktop\Nutrixo Project\controllers\user\walletUserController.js:34:9
    at process.processTicksAndRejections (node:internal/process/task_queues:105:5)
